AndroidUnity/unityLibrary/build/intermediates/manifest_merge_blame_file/debug/manifest-merger-blame-debug-report.txt
1<?xml version="1.0" encoding="utf-8"?>
2<manifest xmlns:android="http://schemas.android.com/apk/res/android"
3    xmlns:tools="http://schemas.android.com/tools"
4    package="com.UnityTechnologies.XR.Manifest" >
5
6    <uses-sdk android:minSdkVersion="24" />
7
8    <uses-permission android:name="android.permission.INTERNET" />
8-->src\main\AndroidManifest.xml:3:3-65
8-->src\main\AndroidManifest.xml:3:20-62
9
10    <uses-feature android:glEsVersion="0x00020000" />
10-->src\main\AndroidManifest.xml:4:3-52
10-->src\main\AndroidManifest.xml:4:17-49
11    <uses-feature
11-->src\main\AndroidManifest.xml:5:3-88
12        android:name="android.hardware.touchscreen"
12-->src\main\AndroidManifest.xml:5:17-60
13        android:required="false" />
13-->src\main\AndroidManifest.xml:5:61-85
14    <uses-feature
14-->src\main\AndroidManifest.xml:6:3-99
15        android:name="android.hardware.touchscreen.multitouch"
15-->src\main\AndroidManifest.xml:6:17-71
16        android:required="false" />
16-->src\main\AndroidManifest.xml:6:72-96
17    <uses-feature
17-->src\main\AndroidManifest.xml:7:3-108
18        android:name="android.hardware.touchscreen.multitouch.distinct"
18-->src\main\AndroidManifest.xml:7:17-80
19        android:required="false" />
19-->src\main\AndroidManifest.xml:7:81-105
20
21    <uses-permission android:name="android.permission.CAMERA" />
21-->src\main\AndroidManifest.xml:26:3-63
21-->src\main\AndroidManifest.xml:26:20-60
22
23    <uses-feature
23-->src\main\AndroidManifest.xml:27:3-85
24        android:name="android.hardware.camera.ar"
24-->src\main\AndroidManifest.xml:27:17-58
25        android:required="true" />
25-->src\main\AndroidManifest.xml:27:59-82
26    <uses-feature
26-->src\main\AndroidManifest.xml:28:3-83
27        android:name="com.google.ar.core.depth"
27-->src\main\AndroidManifest.xml:28:17-56
28        android:required="true" />
28-->src\main\AndroidManifest.xml:28:57-80
29
30    <application android:extractNativeLibs="true" >
30-->src\main\AndroidManifest.xml:8:3-25:17
30-->src\main\AndroidManifest.xml:8:16-48
31        <meta-data
31-->src\main\AndroidManifest.xml:9:5-69
32            android:name="unity.splash-mode"
32-->src\main\AndroidManifest.xml:9:16-48
33            android:value="0" />
33-->src\main\AndroidManifest.xml:9:49-66
34        <meta-data
34-->src\main\AndroidManifest.xml:10:5-74
35            android:name="unity.splash-enable"
35-->src\main\AndroidManifest.xml:10:16-50
36            android:value="True" />
36-->src\main\AndroidManifest.xml:10:51-71
37        <meta-data
37-->src\main\AndroidManifest.xml:11:5-78
38            android:name="unity.launch-fullscreen"
38-->src\main\AndroidManifest.xml:11:16-54
39            android:value="True" />
39-->src\main\AndroidManifest.xml:11:55-75
40        <meta-data
40-->src\main\AndroidManifest.xml:12:5-84
41            android:name="unity.allow-resizable-window"
41-->src\main\AndroidManifest.xml:12:16-59
42            android:value="False" />
42-->src\main\AndroidManifest.xml:12:60-81
43        <meta-data
43-->src\main\AndroidManifest.xml:13:5-81
44            android:name="notch.config"
44-->src\main\AndroidManifest.xml:13:16-43
45            android:value="portrait|landscape" />
45-->src\main\AndroidManifest.xml:13:44-78
46        <meta-data
46-->src\main\AndroidManifest.xml:14:5-84
47            android:name="unity.auto-report-fully-drawn"
47-->src\main\AndroidManifest.xml:14:16-60
48            android:value="true" />
48-->src\main\AndroidManifest.xml:14:61-81
49
50        <activity
50-->src\main\AndroidManifest.xml:15:5-22:16
51            android:name="com.unity3d.player.UnityPlayerActivity"
51-->src\main\AndroidManifest.xml:15:15-68
52            android:configChanges="mcc|mnc|locale|touchscreen|keyboard|keyboardHidden|navigation|orientation|screenLayout|uiMode|screenSize|smallestScreenSize|fontScale|layoutDirection|density"
52-->src\main\AndroidManifest.xml:15:180-361
53            android:exported="true"
53-->src\main\AndroidManifest.xml:15:433-456
54            android:hardwareAccelerated="false"
54-->src\main\AndroidManifest.xml:15:397-432
55            android:launchMode="singleTask"
55-->src\main\AndroidManifest.xml:15:148-179
56            android:resizeableActivity="false"
56-->src\main\AndroidManifest.xml:15:362-396
57            android:screenOrientation="fullUser"
57-->src\main\AndroidManifest.xml:15:111-147
58            android:theme="@style/UnityThemeSelector" >
58-->src\main\AndroidManifest.xml:15:69-110
59            <intent-filter>
59-->src\main\AndroidManifest.xml:16:7-19:23
60                <category android:name="android.intent.category.LAUNCHER" />
60-->src\main\AndroidManifest.xml:17:9-69
60-->src\main\AndroidManifest.xml:17:19-66
61
62                <action android:name="android.intent.action.MAIN" />
62-->src\main\AndroidManifest.xml:18:9-61
62-->src\main\AndroidManifest.xml:18:17-58
63            </intent-filter>
64
65            <meta-data
65-->src\main\AndroidManifest.xml:20:7-82
66                android:name="unityplayer.UnityActivity"
66-->src\main\AndroidManifest.xml:20:18-58
67                android:value="true" />
67-->src\main\AndroidManifest.xml:20:59-79
68            <meta-data
68-->src\main\AndroidManifest.xml:21:7-70
69                android:name="notch_support"
69-->src\main\AndroidManifest.xml:21:18-46
70                android:value="true" />
70-->src\main\AndroidManifest.xml:21:47-67
71        </activity>
72
73        <meta-data
73-->src\main\AndroidManifest.xml:23:5-88
74            android:name="unityplayer.SkipPermissionsDialog"
74-->src\main\AndroidManifest.xml:23:16-64
75            android:value="true" />
75-->src\main\AndroidManifest.xml:23:65-85
76        <meta-data
76-->src\main\AndroidManifest.xml:24:5-77
77            android:name="com.google.ar.core"
77-->src\main\AndroidManifest.xml:24:16-49
78            android:value="required" />
78-->src\main\AndroidManifest.xml:24:50-74
79    </application>
80
81</manifest>